C:\Users\chvorhem\Source\Repos\bot-starter-project\Bot-Starter\settings\index.js
C:\Users\chvorhem\Source\Repos\bot-starter-project\Bot-Starter\settings\index.js.map
C:\Users\chvorhem\Source\Repos\bot-starter-project\Bot-Starter\interfaces\ILanguageService.js
C:\Users\chvorhem\Source\Repos\bot-starter-project\Bot-Starter\interfaces\ILanguageService.js.map
C:\Users\chvorhem\Source\Repos\bot-starter-project\Bot-Starter\common\languageService.js
C:\Users\chvorhem\Source\Repos\bot-starter-project\Bot-Starter\common\languageService.js.map
C:\Users\chvorhem\Source\Repos\bot-starter-project\Bot-Starter\dialogs\defaultDialog.js
C:\Users\chvorhem\Source\Repos\bot-starter-project\Bot-Starter\dialogs\defaultDialog.js.map
C:\Users\chvorhem\Source\Repos\bot-starter-project\Bot-Starter\dialogs\helpDialog.js
C:\Users\chvorhem\Source\Repos\bot-starter-project\Bot-Starter\dialogs\helpDialog.js.map
C:\Users\chvorhem\Source\Repos\bot-starter-project\Bot-Starter\dialogs\greetingDialog.js
C:\Users\chvorhem\Source\Repos\bot-starter-project\Bot-Starter\dialogs\greetingDialog.js.map
C:\Users\chvorhem\Source\Repos\bot-starter-project\Bot-Starter\interfaces\IWikipediaSearchService.js
C:\Users\chvorhem\Source\Repos\bot-starter-project\Bot-Starter\interfaces\IWikipediaSearchService.js.map
C:\Users\chvorhem\Source\Repos\bot-starter-project\Bot-Starter\models\WikipediaSearchServiceResult.js
C:\Users\chvorhem\Source\Repos\bot-starter-project\Bot-Starter\models\WikipediaSearchServiceResult.js.map
C:\Users\chvorhem\Source\Repos\bot-starter-project\Bot-Starter\common\wikipediaSearchService.js
C:\Users\chvorhem\Source\Repos\bot-starter-project\Bot-Starter\common\wikipediaSearchService.js.map
C:\Users\chvorhem\Source\Repos\bot-starter-project\Bot-Starter\common\cardFactory.js
C:\Users\chvorhem\Source\Repos\bot-starter-project\Bot-Starter\common\cardFactory.js.map
C:\Users\chvorhem\Source\Repos\bot-starter-project\Bot-Starter\dialogs\wikipediaSearchDialog.js
C:\Users\chvorhem\Source\Repos\bot-starter-project\Bot-Starter\dialogs\wikipediaSearchDialog.js.map
C:\Users\chvorhem\Source\Repos\bot-starter-project\Bot-Starter\index.js
C:\Users\chvorhem\Source\Repos\bot-starter-project\Bot-Starter\index.js.map
