C:\Users\chvorhem\Source\Repos\RITA\RITA-Core\settings\index.js
C:\Users\chvorhem\Source\Repos\RITA\RITA-Core\settings\index.js.map
C:\Users\chvorhem\Source\Repos\RITA\RITA-Core\interfaces\ILanguageService.js
C:\Users\chvorhem\Source\Repos\RITA\RITA-Core\interfaces\ILanguageService.js.map
C:\Users\chvorhem\Source\Repos\RITA\RITA-Core\common\languageService.js
C:\Users\chvorhem\Source\Repos\RITA\RITA-Core\common\languageService.js.map
C:\Users\chvorhem\Source\Repos\RITA\RITA-Core\dialogs\defaultDialog.js
C:\Users\chvorhem\Source\Repos\RITA\RITA-Core\dialogs\defaultDialog.js.map
C:\Users\chvorhem\Source\Repos\RITA\RITA-Core\dialogs\helpDialog.js
C:\Users\chvorhem\Source\Repos\RITA\RITA-Core\dialogs\helpDialog.js.map
C:\Users\chvorhem\Source\Repos\RITA\RITA-Core\dialogs\greetingDialog.js
C:\Users\chvorhem\Source\Repos\RITA\RITA-Core\dialogs\greetingDialog.js.map
C:\Users\chvorhem\Source\Repos\RITA\RITA-Core\dialogs\smalltalkDialog.js
C:\Users\chvorhem\Source\Repos\RITA\RITA-Core\dialogs\smalltalkDialog.js.map
C:\Users\chvorhem\Source\Repos\RITA\RITA-Core\interfaces\IBingSearchService.js
C:\Users\chvorhem\Source\Repos\RITA\RITA-Core\interfaces\IBingSearchService.js.map
C:\Users\chvorhem\Source\Repos\RITA\RITA-Core\models\BingSearchServiceResult.js
C:\Users\chvorhem\Source\Repos\RITA\RITA-Core\models\BingSearchServiceResult.js.map
C:\Users\chvorhem\Source\Repos\RITA\RITA-Core\common\bingSearchService.js
C:\Users\chvorhem\Source\Repos\RITA\RITA-Core\common\bingSearchService.js.map
C:\Users\chvorhem\Source\Repos\RITA\RITA-Core\common\cardFactory.js
C:\Users\chvorhem\Source\Repos\RITA\RITA-Core\common\cardFactory.js.map
C:\Users\chvorhem\Source\Repos\RITA\RITA-Core\dialogs\bingSearchDialog.js
C:\Users\chvorhem\Source\Repos\RITA\RITA-Core\dialogs\bingSearchDialog.js.map
C:\Users\chvorhem\Source\Repos\RITA\RITA-Core\index.js
C:\Users\chvorhem\Source\Repos\RITA\RITA-Core\index.js.map
